<?xml version="1.0" encoding="utf-8"?><testsuites><testsuite name="pytest" errors="0" failures="0" skipped="0" tests="17" time="0.146" timestamp="2025-05-02T02:46:41.666066" hostname="ubuntu24-B550M-AORUS-ELITE"><testcase classname="tests.backend.tools.test_app_ferramentas" name="test_init_analise" time="0.007" /><testcase classname="tests.backend.tools.test_app_ferramentas" name="test_deteccao_comparacao_validacao" time="0.001" /><testcase classname="tests.backend.tools.test_app_ferramentas" name="test_verificacao_caracteres_invalidos" time="0.001" /><testcase classname="tests.backend.tools.test_app_ferramentas" name="test_dados_localizacao" time="0.001" /><testcase classname="tests.backend.tools.test_app_ferramentas" name="test_execucao_geral" time="0.002" /><testcase classname="tests.backend.tools.test_resultado" name="test_resultadoanalise_initialization" time="0.001" /><testcase classname="tests.backend.tools.test_resultado" name="test_resultadoanalise_custom_initialization" time="0.000" /><testcase classname="tests.backend.tools.test_resultado" name="test_resultadoanalise_to_json" time="0.001" /><testcase classname="tests.backend.tools.test_sistema_info" name="test_detectar_sistema_windows" time="0.001" /><testcase classname="tests.backend.tools.test_sistema_info" name="test_detectar_sistema_linux" time="0.001" /><testcase classname="tests.backend.tools.test_sistema_info" name="test_detectar_sistema_macos" time="0.001" /><testcase classname="tests.backend.tools.test_sistema_info" name="test_detectar_sistema_desconhecido" time="0.000" /><testcase classname="tests.backend.tools.test_sistema_info" name="test_caracteres_invalidos_windows" time="0.000" /><testcase classname="tests.backend.tools.test_sistema_info" name="test_caracteres_invalidos_linux" time="0.000" /><testcase classname="tests.backend.tools.test_sistema_info" name="test_caracteres_invalidos_macos" time="0.000" /><testcase classname="tests.backend.tools.test_sistema_info" name="test_caracteres_invalidos_desconhecido" time="0.000" /><testcase classname="tests.backend.tools.test_sistema_info" name="test_sistema_local" time="0.001" /></testsuite></testsuites>
